<?xml version="1.0" encoding="UTF-8" ?>
<testsuite failures="0" time="1.622" errors="0" skipped="0" tests="34" name="TestSuite">
  <properties>
[...]
</properties>
  <testcase time="0.6" classname="service.cantor.CantorMokitoTest" name="shouldCalculateMoneyExchangeForGivenCurrency"/>
  <testcase time="0.002" classname="service.cantor.CantorMokitoTest" name="shouldCalculateMoneyExchangeForGivenCurrency"/>
  <testcase time="0.003" classname="service.cantor.CantorMokitoTest" name="shouldCalculateMoneyExchangeForGivenCurrency"/>
  <testcase time="0.002" classname="service.cantor.CantorMokitoTest" name="shouldCalculateMoneyExchangeForGivenCurrency"/>
  <testcase time="0.015" classname="service.cantor.CantorMokitoTest" name="shouldCreateCurrencyTableWithOneRow"/>
  <testcase time="0.01" classname="service.cantor.CantorMokitoTest" name="shouldCreateCustomerTableWithOneRow"/>
  <testcase time="0" classname="service.cantor.CantorMokitoTest" name="shouldCreateEmptyCurrencyTable"/>
  <testcase time="0" classname="service.cantor.CantorMokitoTest" name="shouldCreateEmptyCustomerTable"/>
  <testcase time="0.029" classname="service.statistic.StatisticMockitoTest" name="shouldCreateEmptyFinanceMonthReportWithCorrectTitle"/>
  <testcase time="0.001" classname="service.statistic.StatisticMockitoTest" name="shouldCreateEmptyFinanceMonthReportWithCorrectTitle"/>
  <testcase time="0.001" classname="service.statistic.StatisticMockitoTest" name="shouldCreateEmptyFinanceMonthReportWithCorrectTitle"/>
  <testcase time="0.002" classname="service.statistic.StatisticMockitoTest" name="shouldCreateEmptyFinanceYearReportWithCorrectTitle"/>
  <testcase time="0.002" classname="service.statistic.StatisticMockitoTest" name="shouldCreateEmptyFinanceYearReportWithCorrectTitle"/>
  <testcase time="0.002" classname="service.statistic.StatisticMockitoTest" name="shouldCreateEmptyFinanceYearReportWithCorrectTitle"/>
  <testcase time="0.002" classname="service.statistic.StatisticMockitoTest" name="shouldCreateEmptyRoomTypesReport"/>
  <testcase time="0.002" classname="service.statistic.StatisticMockitoTest" name="shouldCreateEmptyRoomsInTypeReport"/>
  <testcase time="0.003" classname="service.statistic.StatisticMockitoTest" name="shouldCreateEmptyServiceReport"/>
  <testcase time="0.003" classname="service.statistic.StatisticMockitoTest" name="shouldCreateEmptyServiceTypesReport"/>
  <testcase time="0.055" classname="service.statistic.StatisticMockitoTest" name="shouldCreateFinanceMonthReportWithCorrectTitle"/>
  <testcase time="0.015" classname="service.statistic.StatisticMockitoTest" name="shouldCreateFinanceYearReportWithCorrectTitle"/>
  <testcase time="0.014" classname="service.statistic.StatisticMockitoTest" name="shouldCreateRoomTypesReport"/>
  <testcase time="0.016" classname="service.statistic.StatisticMockitoTest" name="shouldCreateRoomsInTypeReport"/>
  <testcase time="0.012" classname="service.statistic.StatisticMockitoTest" name="shouldCreateServiceReport"/>
  <testcase time="0.015" classname="service.statistic.StatisticMockitoTest" name="shouldCreateServiceTypesReport"/>
  <testcase time="0.014" classname="service.statistic.StatisticTest" name="shouldCreateEmptyFinanceMonthReport"/>
  <testcase time="0.003" classname="service.statistic.StatisticTest" name="shouldCreateEmptyFinanceMonthReport"/>
  <testcase time="0.004" classname="service.statistic.StatisticTest" name="shouldCreateEmptyFinanceMonthReport"/>
  <testcase time="0.003" classname="service.statistic.StatisticTest" name="shouldCreateEmptyFinanceYearReport"/>
  <testcase time="0.004" classname="service.statistic.StatisticTest" name="shouldCreateEmptyFinanceYearReport"/>
  <testcase time="0.005" classname="service.statistic.StatisticTest" name="shouldCreateEmptyFinanceYearReport"/>
  <testcase time="0.005" classname="service.statistic.StatisticTest" name="shouldCreateEmptyHotelReport"/>
  <testcase time="0.005" classname="service.statistic.StatisticTest" name="shouldCreateEmptyHotelReport"/>
  <testcase time="0.005" classname="service.statistic.StatisticTest" name="shouldCreateEmptyHotelReport"/>
  <testcase time="0.006" classname="service.statistic.StatisticTest" name="shouldCreateEmptyHotelReport"/>
</testsuite>